This is pdfTeX, Version 3.1415926-2.5-1.40.14 (TeX Live 2013/Arch Linux) (format=pdflatex 2013.8.31)  6 SEP 2013 13:48
entering extended mode
 restricted \write18 enabled.
 %&-line parsing enabled.
**propuesta_tecnica.tex
(./propuesta_tecnica.tex
LaTeX2e <2011/06/27>
Babel <3.9f> and hyphenation patterns for 78 languages loaded.
(/usr/share/texmf-dist/tex/latex/base/article.cls
Document Class: article 2007/10/19 v1.4h Standard LaTeX document class
(/usr/share/texmf-dist/tex/latex/base/size12.clo
File: size12.clo 2007/10/19 v1.4h Standard LaTeX file (size option)
)
\c@part=\count79
\c@section=\count80
\c@subsection=\count81
\c@subsubsection=\count82
\c@paragraph=\count83
\c@subparagraph=\count84
\c@figure=\count85
\c@table=\count86
\abovecaptionskip=\skip41
\belowcaptionskip=\skip42
\bibindent=\dimen102
)
(/usr/share/texmf-dist/tex/latex/base/inputenc.sty
Package: inputenc 2008/03/30 v1.1d Input encoding file
\inpenc@prehook=\toks14
\inpenc@posthook=\toks15

(/usr/share/texmf-dist/tex/latex/base/latin1.def
File: latin1.def 2008/03/30 v1.1d Input encoding file
))
(/usr/share/texmf-dist/tex/latex/wallpaper/wallpaper.sty
Package: wallpaper 2005/01/18, v1.01 easy wallpaper formatting (MHFW)

(/usr/share/texmf-dist/tex/latex/base/ifthen.sty
Package: ifthen 2001/05/26 v1.1c Standard LaTeX ifthen package (DPC)
)
(/usr/share/texmf-dist/tex/latex/tools/calc.sty
Package: calc 2007/08/22 v4.3 Infix arithmetic (KKT,FJ)
\calc@Acount=\count87
\calc@Bcount=\count88
\calc@Adimen=\dimen103
\calc@Bdimen=\dimen104
\calc@Askip=\skip43
\calc@Bskip=\skip44
LaTeX Info: Redefining \setlength on input line 76.
LaTeX Info: Redefining \addtolength on input line 77.
\calc@Ccount=\count89
\calc@Cskip=\skip45
)
(/usr/share/texmf-dist/tex/latex/eso-pic/eso-pic.sty
Package: eso-pic 2010/10/06 v2.0c eso-pic (RN)

(/usr/share/texmf-dist/tex/generic/oberdiek/atbegshi.sty
Package: atbegshi 2011/10/05 v1.16 At begin shipout hook (HO)

(/usr/share/texmf-dist/tex/generic/oberdiek/infwarerr.sty
Package: infwarerr 2010/04/08 v1.3 Providing info/warning/error messages (HO)
)
(/usr/share/texmf-dist/tex/generic/oberdiek/ltxcmds.sty
Package: ltxcmds 2011/11/09 v1.22 LaTeX kernel commands for general use (HO)
)
(/usr/share/texmf-dist/tex/generic/oberdiek/ifpdf.sty
Package: ifpdf 2011/01/30 v2.3 Provides the ifpdf switch (HO)
Package ifpdf Info: pdfTeX in PDF mode is detected.
))
(/usr/share/texmf-dist/tex/latex/graphics/keyval.sty
Package: keyval 1999/03/16 v1.13 key=value parser (DPC)
\KV@toks@=\toks16
)
(/usr/share/texmf-dist/tex/latex/xcolor/xcolor.sty
Package: xcolor 2007/01/21 v2.11 LaTeX color extensions (UK)

(/usr/share/texmf-dist/tex/latex/latexconfig/color.cfg
File: color.cfg 2007/01/18 v1.5 color configuration of teTeX/TeXLive
)
Package xcolor Info: Driver file: pdftex.def on input line 225.

(/usr/share/texmf-dist/tex/latex/pdftex-def/pdftex.def
File: pdftex.def 2011/05/27 v0.06d Graphics/color for pdfTeX
\Gread@gobject=\count90
)
Package xcolor Info: Model `cmy' substituted by `cmy0' on input line 1337.
Package xcolor Info: Model `hsb' substituted by `rgb' on input line 1341.
Package xcolor Info: Model `RGB' extended on input line 1353.
Package xcolor Info: Model `HTML' substituted by `rgb' on input line 1355.
Package xcolor Info: Model `Hsb' substituted by `hsb' on input line 1356.
Package xcolor Info: Model `tHsb' substituted by `hsb' on input line 1357.
Package xcolor Info: Model `HSB' substituted by `hsb' on input line 1358.
Package xcolor Info: Model `Gray' substituted by `gray' on input line 1359.
Package xcolor Info: Model `wave' substituted by `hsb' on input line 1360.
))
(/usr/share/texmf-dist/tex/latex/graphics/graphicx.sty
Package: graphicx 1999/02/16 v1.0f Enhanced LaTeX Graphics (DPC,SPQR)

(/usr/share/texmf-dist/tex/latex/graphics/graphics.sty
Package: graphics 2009/02/05 v1.0o Standard LaTeX Graphics (DPC,SPQR)

(/usr/share/texmf-dist/tex/latex/graphics/trig.sty
Package: trig 1999/03/16 v1.09 sin cos tan (DPC)
)
(/usr/share/texmf-dist/tex/latex/latexconfig/graphics.cfg
File: graphics.cfg 2010/04/23 v1.9 graphics configuration of TeX Live
)
Package graphics Info: Driver file: pdftex.def on input line 91.
)
\Gin@req@height=\dimen105
\Gin@req@width=\dimen106
)
\wpXoffset=\skip46
\wpYoffset=\skip47
\tileXoffset=\skip48
\tileYoffset=\skip49
\tilewidth=\skip50
\tileheight=\skip51
\tileX=\skip52
\tileY=\skip53
)
(/usr/share/texmf-dist/tex/latex/geometry/geometry.sty
Package: geometry 2010/09/12 v5.6 Page Geometry

(/usr/share/texmf-dist/tex/generic/oberdiek/ifvtex.sty
Package: ifvtex 2010/03/01 v1.5 Detect VTeX and its facilities (HO)
Package ifvtex Info: VTeX not detected.
)
(/usr/share/texmf-dist/tex/generic/ifxetex/ifxetex.sty
Package: ifxetex 2010/09/12 v0.6 Provides ifxetex conditional
)
\Gm@cnth=\count91
\Gm@cntv=\count92
\c@Gm@tempcnt=\count93
\Gm@bindingoffset=\dimen107
\Gm@wd@mp=\dimen108
\Gm@odd@mp=\dimen109
\Gm@even@mp=\dimen110
\Gm@layoutwidth=\dimen111
\Gm@layoutheight=\dimen112
\Gm@layouthoffset=\dimen113
\Gm@layoutvoffset=\dimen114
\Gm@dimlist=\toks17
)
(/usr/share/texmf-dist/tex/generic/babel/babel.sty
Package: babel 2013/05/16 v3.9f The Babel package

(/usr/share/texmf-dist/tex/generic/babel-spanish/spanish.ldf
Language: spanish.ldf 2010/05/23 v5.0j Spanish support from the babel system

(/usr/share/texmf-dist/tex/generic/babel/babel.def
File: babel.def 2013/05/16 v3.9f Babel common definitions
\babel@savecnt=\count94
\U@D=\dimen115
)
\es@datefmt=\count95
\es@quottoks=\toks18
\es@quotdepth=\count96
Package babel Info: Making " an active character on input line 495.
Package babel Info: Making . an active character on input line 588.
Package babel Info: Making < an active character on input line 633.
Package babel Info: Making > an active character on input line 633.
))
(/usr/share/texmf-dist/tex/latex/amsmath/amsmath.sty
Package: amsmath 2013/01/14 v2.14 AMS math features
\@mathmargin=\skip54

For additional information on amsmath, use the `?' option.
(/usr/share/texmf-dist/tex/latex/amsmath/amstext.sty
Package: amstext 2000/06/29 v2.01

(/usr/share/texmf-dist/tex/latex/amsmath/amsgen.sty
File: amsgen.sty 1999/11/30 v2.0
\@emptytoks=\toks19
\ex@=\dimen116
))
(/usr/share/texmf-dist/tex/latex/amsmath/amsbsy.sty
Package: amsbsy 1999/11/29 v1.2d
\pmbraise@=\dimen117
)
(/usr/share/texmf-dist/tex/latex/amsmath/amsopn.sty
Package: amsopn 1999/12/14 v2.01 operator names
)
\inf@bad=\count97
LaTeX Info: Redefining \frac on input line 210.
\uproot@=\count98
\leftroot@=\count99
LaTeX Info: Redefining \overline on input line 306.
\classnum@=\count100
\DOTSCASE@=\count101
LaTeX Info: Redefining \ldots on input line 378.
LaTeX Info: Redefining \dots on input line 381.
LaTeX Info: Redefining \cdots on input line 466.
\Mathstrutbox@=\box26
\strutbox@=\box27
\big@size=\dimen118
LaTeX Font Info:    Redeclaring font encoding OML on input line 566.
LaTeX Font Info:    Redeclaring font encoding OMS on input line 567.
\macc@depth=\count102
\c@MaxMatrixCols=\count103
\dotsspace@=\muskip10
\c@parentequation=\count104
\dspbrk@lvl=\count105
\tag@help=\toks20
\row@=\count106
\column@=\count107
\maxfields@=\count108
\andhelp@=\toks21
\eqnshift@=\dimen119
\alignsep@=\dimen120
\tagshift@=\dimen121
\tagwidth@=\dimen122
\totwidth@=\dimen123
\lineht@=\dimen124
\@envbody=\toks22
\multlinegap=\skip55
\multlinetaggap=\skip56
\mathdisplay@stack=\toks23
LaTeX Info: Redefining \[ on input line 2665.
LaTeX Info: Redefining \] on input line 2666.
)
(/usr/share/texmf-dist/tex/latex/caption/caption.sty
Package: caption 2013/05/02 v3.3-89 Customizing captions (AR)

(/usr/share/texmf-dist/tex/latex/caption/caption3.sty
Package: caption3 2013/05/02 v1.6-88 caption3 kernel (AR)
Package caption3 Info: TeX engine: e-TeX on input line 57.
\captionmargin=\dimen125
\captionmargin@=\dimen126
\captionwidth=\dimen127
\caption@tempdima=\dimen128
\caption@indent=\dimen129
\caption@parindent=\dimen130
\caption@hangindent=\dimen131
)
\c@ContinuedFloat=\count109
)
(./propuesta_tecnica.aux
LaTeX Info: Redefining \. on input line 6.
LaTeX Info: Redefining \% on input line 6.
)
\openout1 = `propuesta_tecnica.aux'.

LaTeX Font Info:    Checking defaults for OML/cmm/m/it on input line 20.
LaTeX Font Info:    ... okay on input line 20.
LaTeX Font Info:    Checking defaults for T1/cmr/m/n on input line 20.
LaTeX Font Info:    ... okay on input line 20.
LaTeX Font Info:    Checking defaults for OT1/cmr/m/n on input line 20.
LaTeX Font Info:    ... okay on input line 20.
LaTeX Font Info:    Checking defaults for OMS/cmsy/m/n on input line 20.
LaTeX Font Info:    ... okay on input line 20.
LaTeX Font Info:    Checking defaults for OMX/cmex/m/n on input line 20.
LaTeX Font Info:    ... okay on input line 20.
LaTeX Font Info:    Checking defaults for U/cmr/m/n on input line 20.
LaTeX Font Info:    ... okay on input line 20.
\AtBeginShipoutBox=\box28
 (/usr/share/texmf-dist/tex/context/base/supp-pdf.mkii
[Loading MPS to PDF converter (version 2006.09.02).]
\scratchcounter=\count110
\scratchdimen=\dimen132
\scratchbox=\box29
\nofMPsegments=\count111
\nofMParguments=\count112
\everyMPshowfont=\toks24
\MPscratchCnt=\count113
\MPscratchDim=\dimen133
\MPnumerator=\count114
\makeMPintoPDFobject=\count115
\everyMPtoPDFconversion=\toks25
) (/usr/share/texmf-dist/tex/generic/oberdiek/pdftexcmds.sty
Package: pdftexcmds 2011/11/29 v0.20 Utility functions of pdfTeX for LuaTeX (HO
)

(/usr/share/texmf-dist/tex/generic/oberdiek/ifluatex.sty
Package: ifluatex 2010/03/01 v1.3 Provides the ifluatex switch (HO)
Package ifluatex Info: LuaTeX not detected.
)
Package pdftexcmds Info: LuaTeX not detected.
Package pdftexcmds Info: \pdf@primitive is available.
Package pdftexcmds Info: \pdf@ifprimitive is available.
Package pdftexcmds Info: \pdfdraftmode found.
)
(/usr/share/texmf-dist/tex/latex/oberdiek/epstopdf-base.sty
Package: epstopdf-base 2010/02/09 v2.5 Base part for package epstopdf

(/usr/share/texmf-dist/tex/latex/oberdiek/grfext.sty
Package: grfext 2010/08/19 v1.1 Manage graphics extensions (HO)

(/usr/share/texmf-dist/tex/generic/oberdiek/kvdefinekeys.sty
Package: kvdefinekeys 2011/04/07 v1.3 Define keys (HO)
))
(/usr/share/texmf-dist/tex/latex/oberdiek/kvoptions.sty
Package: kvoptions 2011/06/30 v3.11 Key value format for package options (HO)

(/usr/share/texmf-dist/tex/generic/oberdiek/kvsetkeys.sty
Package: kvsetkeys 2012/04/25 v1.16 Key value parser (HO)

(/usr/share/texmf-dist/tex/generic/oberdiek/etexcmds.sty
Package: etexcmds 2011/02/16 v1.5 Avoid name clashes with e-TeX commands (HO)
Package etexcmds Info: Could not find \expanded.
(etexcmds)             That can mean that you are not using pdfTeX 1.50 or
(etexcmds)             that some package has redefined \expanded.
(etexcmds)             In the latter case, load this package earlier.
)))
Package grfext Info: Graphics extension search list:
(grfext)             [.png,.pdf,.jpg,.mps,.jpeg,.jbig2,.jb2,.PNG,.PDF,.JPG,.JPE
G,.JBIG2,.JB2,.eps]
(grfext)             \AppendGraphicsExtensions on input line 452.

(/usr/share/texmf-dist/tex/latex/latexconfig/epstopdf-sys.cfg
File: epstopdf-sys.cfg 2010/07/13 v1.3 Configuration of (r)epstopdf for TeX Liv
e
))
*geometry* driver: auto-detecting
*geometry* detected driver: pdftex
*geometry* verbose mode - [ preamble ] result:
* driver: pdftex
* paper: letterpaper
* layout: <same size as paper>
* layoutoffset:(h,v)=(0.0pt,0.0pt)
* modes: 
* h-part:(L,W,R)=(92.14519pt, 430.00462pt, 92.14519pt)
* v-part:(T,H,B)=(95.39737pt, 556.47656pt, 143.09605pt)
* \paperwidth=614.295pt
* \paperheight=794.96999pt
* \textwidth=430.00462pt
* \textheight=556.47656pt
* \oddsidemargin=19.8752pt
* \evensidemargin=19.8752pt
* \topmargin=0.0pt
* \headheight=12.0pt
* \headsep=25.0pt
* \topskip=12.0pt
* \footskip=30.0pt
* \marginparwidth=44.0pt
* \marginparsep=10.0pt
* \columnsep=10.0pt
* \skip\footins=10.8pt plus 4.0pt minus 2.0pt
* \hoffset=0.0pt
* \voffset=0.0pt
* \mag=1000
* \@twocolumnfalse
* \@twosidefalse
* \@mparswitchfalse
* \@reversemarginfalse
* (1in=72.27pt=25.4mm, 1cm=28.453pt)

LaTeX Info: Redefining \. on input line 20.
LaTeX Info: Redefining \% on input line 20.
Package caption Info: Begin \AtBeginDocument code.
Package caption Info: End \AtBeginDocument code.

LaTeX Warning: No \author given.

(./propuesta_tecnica.toc
LaTeX Info: Redefining \. on input line 1.
LaTeX Info: Redefining \% on input line 1.
 <membrete_bw.pdf, id=1, 614.295pt x 794.97pt>
File: membrete_bw.pdf Graphic file (type pdf)

<use membrete_bw.pdf>
Package pdftex.def Info: membrete_bw.pdf used on input line 38.
(pdftex.def)             Requested size: 614.31223pt x 794.99231pt.
 [1

{/var/lib/texmf/fonts/map/pdftex/updmap/pdftex.map} <./membrete_bw.pdf>])
\tf@toc=\write3
\openout3 = `propuesta_tecnica.toc'.

File: membrete_bw.pdf Graphic file (type pdf)
 <use membrete_bw.pdf>
Package pdftex.def Info: membrete_bw.pdf used on input line 23.
(pdftex.def)             Requested size: 614.31223pt x 794.99231pt.
 [2]
LaTeX Font Info:    Try loading font information for U+lasy on input line 48.

(/usr/share/texmf-dist/tex/latex/base/ulasy.fd
File: ulasy.fd 1998/08/17 v2.2e LaTeX symbol font definitions
)
File: membrete_bw.pdf Graphic file (type pdf)
 <use membrete_bw.pdf>
Package pdftex.def Info: membrete_bw.pdf used on input line 68.
(pdftex.def)             Requested size: 614.31223pt x 794.99231pt.
 [3]
File: membrete_bw.pdf Graphic file (type pdf)

<use membrete_bw.pdf>
Package pdftex.def Info: membrete_bw.pdf used on input line 81.
(pdftex.def)             Requested size: 614.31223pt x 794.99231pt.
 [4]
File: membrete_bw.pdf Graphic file (type pdf)
 <use membrete_bw.pdf>
Package pdftex.def Info: membrete_bw.pdf used on input line 99.
(pdftex.def)             Requested size: 614.31223pt x 794.99231pt.
 [5]
Overfull \hbox (16.58792pt too wide) in paragraph at lines 115--116
[]\OT1/cmr/m/n/12 Permite crear una com-pe-ti-ci^^Son en-tre olim-pis-tas, se p
odr^^Sa se-
 []

File: membrete_bw.pdf Graphic file (type pdf)
<use membrete_bw.pdf>
Package pdftex.def Info: membrete_bw.pdf used on input line 132.
(pdftex.def)             Requested size: 614.31223pt x 794.99231pt.
 [6]
<includes/agil.jpg, id=48, 442.65375pt x 284.56313pt>
File: includes/agil.jpg Graphic file (type jpg)
 <use includes/agil.jpg>
Package pdftex.def Info: includes/agil.jpg used on input line 143.
(pdftex.def)             Requested size: 309.8555pt x 199.19283pt.

Underfull \hbox (badness 10000) in paragraph at lines 143--144

 []


Underfull \hbox (badness 10000) in paragraph at lines 136--148

 []

File: membrete_bw.pdf Graphic file (type pdf)
<use membrete_bw.pdf>
Package pdftex.def Info: membrete_bw.pdf used on input line 153.
(pdftex.def)             Requested size: 614.31223pt x 794.99231pt.
 [7 <./includes/agil.jpg>]
Underfull \hbox (badness 10000) in paragraph at lines 155--157

 []

File: membrete_bw.pdf Graphic file (type pdf)
<use membrete_bw.pdf>
Package pdftex.def Info: membrete_bw.pdf used on input line 169.
(pdftex.def)             Requested size: 614.31223pt x 794.99231pt.
 [8]
Underfull \hbox (badness 10000) in paragraph at lines 172--174

 []


Underfull \hbox (badness 10000) in paragraph at lines 178--181

 []

File: membrete_bw.pdf Graphic file (type pdf)
<use membrete_bw.pdf>
Package pdftex.def Info: membrete_bw.pdf used on input line 181.
(pdftex.def)             Requested size: 614.31223pt x 794.99231pt.
 [9]
File: membrete_bw.pdf Graphic file (type pdf)
 <use membrete_bw.pdf>
Package pdftex.def Info: membrete_bw.pdf used on input line 196.
(pdftex.def)             Requested size: 614.31223pt x 794.99231pt.
 [10]
File: membrete_bw.pdf Graphic file (type pdf)
 <use membrete_bw.pdf>
Package pdftex.def Info: membrete_bw.pdf used on input line 207.
(pdftex.def)             Requested size: 614.31223pt x 794.99231pt.

[11]
File: membrete_bw.pdf Graphic file (type pdf)
 <use membrete_bw.pdf>
Package pdftex.def Info: membrete_bw.pdf used on input line 250.
(pdftex.def)             Requested size: 614.31223pt x 794.99231pt.
 [12]
Underfull \hbox (badness 10000) in paragraph at lines 256--261

 []


Overfull \hbox (65.42429pt too wide) in paragraph at lines 282--317
[][] 
 []

File: membrete_bw.pdf Graphic file (type pdf)
<use membrete_bw.pdf>
Package pdftex.def Info: membrete_bw.pdf used on input line 320.
(pdftex.def)             Requested size: 614.31223pt x 794.99231pt.
 [13]
Underfull \hbox (badness 10000) in paragraph at lines 336--337

 []


Underfull \hbox (badness 10000) in paragraph at lines 350--357

 []

File: membrete_bw.pdf Graphic file (type pdf)
<use membrete_bw.pdf>
Package pdftex.def Info: membrete_bw.pdf used on input line 358.
(pdftex.def)             Requested size: 614.31223pt x 794.99231pt.
 [14]
Underfull \hbox (badness 10000) in paragraph at lines 358--359

 []


Underfull \hbox (badness 10000) in paragraph at lines 360--366

 []


Underfull \hbox (badness 10000) in paragraph at lines 367--374

 []


Underfull \hbox (badness 10000) in paragraph at lines 378--379

 []


Underfull \hbox (badness 10000) in paragraph at lines 402--403

 []

File: membrete_bw.pdf Graphic file (type pdf)
<use membrete_bw.pdf>
Package pdftex.def Info: membrete_bw.pdf used on input line 422.
(pdftex.def)             Requested size: 614.31223pt x 794.99231pt.
 [15]
Underfull \hbox (badness 10000) in paragraph at lines 462--463

 []


Underfull \hbox (badness 10000) in paragraph at lines 479--485

 []


Underfull \hbox (badness 10000) in paragraph at lines 479--485

 []

File: membrete_bw.pdf Graphic file (type pdf)
<use membrete_bw.pdf>
Package pdftex.def Info: membrete_bw.pdf used on input line 485.
(pdftex.def)             Requested size: 614.31223pt x 794.99231pt.
 [16]
Underfull \hbox (badness 10000) in paragraph at lines 490--490
[]\OT1/cmr/bx/n/12 Nro.
 []


Underfull \hbox (badness 10000) in paragraph at lines 490--490
\OT1/cmr/bx/n/12 Ries-
 []


Overfull \hbox (4.28339pt too wide) in paragraph at lines 490--490
[]\OT1/cmr/bx/n/12 Prob.
 []


Overfull \hbox (5.66116pt too wide) in paragraph at lines 490--490
[]\OT1/cmr/bx/n/12 Impacto| 
 []


Overfull \hbox (4.61415pt too wide) in paragraph at lines 490--491
[]\OT1/cmr/bx/n/12 Consecuencias| 
 []


Underfull \hbox (badness 2781) in paragraph at lines 492--493
[]\OT1/cmr/m/n/12 Posibles re-tra-
 []


Underfull \hbox (badness 4981) in paragraph at lines 494--495
\OT1/cmr/m/n/12 ni-fi-ca-ci^^Son pre-
 []


Underfull \hbox (badness 10000) in paragraph at lines 496--497
\OT1/cmr/m/n/12 desa-rro-llo del
 []


Underfull \hbox (badness 10000) in paragraph at lines 498--499
\OT1/cmr/m/n/12 desa-rro-llo del
 []


Underfull \hbox (badness 10000) in paragraph at lines 506--506
[]\OT1/cmr/bx/n/12 Nro.
 []


Underfull \hbox (badness 10000) in paragraph at lines 506--506
\OT1/cmr/bx/n/12 Ries-
 []

File: membrete_bw.pdf Graphic file (type pdf)
<use membrete_bw.pdf>
Package pdftex.def Info: membrete_bw.pdf used on input line 519.
(pdftex.def)             Requested size: 614.31223pt x 794.99231pt.
 [17] (./propuesta_tecnica.aux
LaTeX Info: Redefining \. on input line 6.
LaTeX Info: Redefining \% on input line 6.
) ) 
Here is how much of TeX's memory you used:
 5181 strings out of 493315
 73732 string characters out of 6143704
 161983 words of memory out of 5000000
 8556 multiletter control sequences out of 15000+600000
 10954 words of font info for 40 fonts, out of 8000000 for 9000
 957 hyphenation exceptions out of 8191
 38i,15n,42p,662b,505s stack positions out of 5000i,500n,10000p,200000b,80000s
</usr/share/texmf-dist/fonts/type1/public/amsfonts/cm/cmbx12.pfb></usr/share
/texmf-dist/fonts/type1/public/amsfonts/cm/cmbx8.pfb></usr/share/texmf-dist/fon
ts/type1/public/amsfonts/cm/cmmi12.pfb></usr/share/texmf-dist/fonts/type1/publi
c/amsfonts/cm/cmr12.pfb></usr/share/texmf-dist/fonts/type1/public/amsfonts/cm/c
mr17.pfb></usr/share/texmf-dist/fonts/type1/public/amsfonts/cm/cmr8.pfb></usr/s
hare/texmf-dist/fonts/type1/public/amsfonts/cm/cmsy10.pfb></usr/share/texmf-dis
t/fonts/type1/public/amsfonts/latxfont/lasy10.pfb>
Output written on propuesta_tecnica.pdf (17 pages, 158226 bytes).
PDF statistics:
 113 PDF objects out of 1000 (max. 8388607)
 77 compressed objects within 1 object stream
 0 named destinations out of 1000 (max. 500000)
 11 words of extra memory for PDF output out of 10000 (max. 10000000)

